<?xml version="1.0" encoding="UTF-8"?>
<!-- Generated by org.testng.reporters.JUnitReportReporter -->
<testsuite skipped="0" hostname="LAPTOP-98BBEGTQ" name="GET_REQUEST" tests="1" failures="0" timestamp="01 Mar 2021 07:20:31 GMT" time="3.462" errors="0">
  <testcase name="putDetails" time="3.462" classname="GET_REQUEST"/>
</testsuite> <!-- GET_REQUEST -->
