<?xml version="1.0" encoding="UTF-8"?>
<!-- Generated by org.testng.reporters.JUnitReportReporter -->
<testsuite skipped="0" hostname="LAPTOP-98BBEGTQ" name="RestCountries" tests="5" failures="0" timestamp="01 Mar 2021 13:16:19 GMT" time="8.780" errors="0">
  <testcase name="getDetails" time="5.335" classname="RestCountries"/>
  <testcase name="getDetails5" time="0.648" classname="RestCountries"/>
  <testcase name="getDetails2" time="0.887" classname="RestCountries"/>
  <testcase name="getDetails4" time="0.887" classname="RestCountries"/>
  <testcase name="getDetails3" time="1.023" classname="RestCountries"/>
</testsuite> <!-- RestCountries -->
