<?xml version="1.0" encoding="UTF-8"?>
<!-- Generated by org.testng.reporters.JUnitReportReporter -->
<testsuite skipped="0" hostname="LAPTOP-98BBEGTQ" name="HeaderInfo" tests="1" failures="0" timestamp="01 Mar 2021 05:45:26 GMT" time="3.871" errors="0">
  <testcase name="getDetails" time="3.871" classname="HeaderInfo"/>
</testsuite> <!-- HeaderInfo -->
